<?xml version="1.0" encoding="UTF-8"?>
<testsuite xmlns:xsi="http://www.w3.org/2001/XMLSchema-instance" xsi:schemaLocation="https://maven.apache.org/surefire/maven-surefire-plugin/xsd/surefire-test-report.xsd" name="sut.TestLogicBasedCoverage" time="0" tests="7" errors="0" skipped="0" failures="0">
  <properties>
[...]
</properties>
  <testcase name="lb1" classname="sut.TestLogicBasedCoverage" time="0"/>
  <testcase name="lb2" classname="sut.TestLogicBasedCoverage" time="0"/>
  <testcase name="lb3" classname="sut.TestLogicBasedCoverage" time="0"/>
  <testcase name="lb4" classname="sut.TestLogicBasedCoverage" time="0"/>
  <testcase name="lb5" classname="sut.TestLogicBasedCoverage" time="0"/>
  <testcase name="lb6" classname="sut.TestLogicBasedCoverage" time="0"/>
  <testcase name="lb7" classname="sut.TestLogicBasedCoverage" time="0"/>
</testsuite>